<?xml version="1.0" encoding="UTF-8"?>
<testng-results ignored="0" total="1" passed="1" failed="0" skipped="0">
  <reporter-output>
  </reporter-output>
  <suite started-at="2021-12-15T12:14:41 IST" name="Suite" finished-at="2021-12-15T12:14:41 IST" duration-ms="241">
    <groups>
    </groups>
    <test started-at="2021-12-15T12:14:41 IST" name="Test" finished-at="2021-12-15T12:14:41 IST" duration-ms="241">
      <class name="com.github.SDET.GitHub.SmokeTest">
        <test-method signature="smokeTest()[pri:0, instance:com.github.SDET.GitHub.SmokeTest@be35cd9]" started-at="2021-12-15T12:14:41 IST" name="smokeTest" finished-at="2021-12-15T12:14:41 IST" duration-ms="14" status="PASS">
          <reporter-output>
          </reporter-output>
        </test-method> <!-- smokeTest -->
      </class> <!-- com.github.SDET.GitHub.SmokeTest -->
    </test> <!-- Test -->
  </suite> <!-- Suite -->
</testng-results>
