<?xml version="1.0" encoding="UTF-8"?>
<testng-results ignored="0" total="1" passed="1" failed="0" skipped="0">
  <reporter-output>
  </reporter-output>
  <suite started-at="2021-12-15T10:44:30 IST" name="Default suite" finished-at="2021-12-15T10:44:30 IST" duration-ms="113">
    <groups>
    </groups>
    <test started-at="2021-12-15T10:44:30 IST" name="Default test" finished-at="2021-12-15T10:44:30 IST" duration-ms="113">
      <class name="com.github.SDET.GitHub.SmokeTest">
        <test-method signature="readDataTest()[pri:0, instance:com.github.SDET.GitHub.SmokeTest@be35cd9]" started-at="2021-12-15T10:44:30 IST" name="readDataTest" finished-at="2021-12-15T10:44:30 IST" duration-ms="20" status="PASS">
          <reporter-output>
          </reporter-output>
        </test-method> <!-- readDataTest -->
      </class> <!-- com.github.SDET.GitHub.SmokeTest -->
    </test> <!-- Default test -->
  </suite> <!-- Default suite -->
</testng-results>
